Performing C SOURCE FILE Test CMAKE_HAVE_LIBC_PTHREAD failed with the following output:
Change Dir: /home/uisee/YOLOv6/yolov6_TensorRT/my_onnx2trt/build/CMakeFiles/CMakeTmp

Run Build Command(s):/usr/bin/make cmTC_b8d0d/fast && /usr/bin/make  -f CMakeFiles/cmTC_b8d0d.dir/build.make CMakeFiles/cmTC_b8d0d.dir/build
make[1]: Entering directory '/home/uisee/YOLOv6/yolov6_TensorRT/my_onnx2trt/build/CMakeFiles/CMakeTmp'
Building C object CMakeFiles/cmTC_b8d0d.dir/src.c.o
/usr/bin/cc   -fPIC -DCMAKE_HAVE_LIBC_PTHREAD   -o CMakeFiles/cmTC_b8d0d.dir/src.c.o   -c /home/uisee/YOLOv6/yolov6_TensorRT/my_onnx2trt/build/CMakeFiles/CMakeTmp/src.c
Linking C executable cmTC_b8d0d
/usr/local/bin/cmake -E cmake_link_script CMakeFiles/cmTC_b8d0d.dir/link.txt --verbose=1
/usr/bin/cc -fPIC -DCMAKE_HAVE_LIBC_PTHREAD    CMakeFiles/cmTC_b8d0d.dir/src.c.o  -o cmTC_b8d0d 
CMakeFiles/cmTC_b8d0d.dir/src.c.o：在函数‘main’中：
src.c:(.text+0x3e)：对‘pthread_create’未定义的引用
src.c:(.text+0x4a)：对‘pthread_detach’未定义的引用
src.c:(.text+0x5b)：对‘pthread_join’未定义的引用
src.c:(.text+0x6f)：对‘pthread_atfork’未定义的引用
collect2: error: ld returned 1 exit status
CMakeFiles/cmTC_b8d0d.dir/build.make:89: recipe for target 'cmTC_b8d0d' failed
make[1]: *** [cmTC_b8d0d] Error 1
make[1]: Leaving directory '/home/uisee/YOLOv6/yolov6_TensorRT/my_onnx2trt/build/CMakeFiles/CMakeTmp'
Makefile:124: recipe for target 'cmTC_b8d0d/fast' failed
make: *** [cmTC_b8d0d/fast] Error 2


Source file was:
#include <pthread.h>

void* test_func(void* data)
{
  return data;
}

int main(void)
{
  pthread_t thread;
  pthread_create(&thread, NULL, test_func, NULL);
  pthread_detach(thread);
  pthread_join(thread, NULL);
  pthread_atfork(NULL, NULL, NULL);
  pthread_exit(NULL);

  return 0;
}

Determining if the function pthread_create exists in the pthreads failed with the following output:
Change Dir: /home/uisee/YOLOv6/yolov6_TensorRT/my_onnx2trt/build/CMakeFiles/CMakeTmp

Run Build Command(s):/usr/bin/make cmTC_699c8/fast && /usr/bin/make  -f CMakeFiles/cmTC_699c8.dir/build.make CMakeFiles/cmTC_699c8.dir/build
make[1]: Entering directory '/home/uisee/YOLOv6/yolov6_TensorRT/my_onnx2trt/build/CMakeFiles/CMakeTmp'
Building C object CMakeFiles/cmTC_699c8.dir/CheckFunctionExists.c.o
/usr/bin/cc   -fPIC -DCHECK_FUNCTION_EXISTS=pthread_create   -o CMakeFiles/cmTC_699c8.dir/CheckFunctionExists.c.o   -c /usr/local/share/cmake-3.16/Modules/CheckFunctionExists.c
Linking C executable cmTC_699c8
/usr/local/bin/cmake -E cmake_link_script CMakeFiles/cmTC_699c8.dir/link.txt --verbose=1
/usr/bin/cc -fPIC -DCHECK_FUNCTION_EXISTS=pthread_create    CMakeFiles/cmTC_699c8.dir/CheckFunctionExists.c.o  -o cmTC_699c8  -lpthreads 
/usr/bin/ld: 找不到 -lpthreads
collect2: error: ld returned 1 exit status
CMakeFiles/cmTC_699c8.dir/build.make:89: recipe for target 'cmTC_699c8' failed
make[1]: *** [cmTC_699c8] Error 1
make[1]: Leaving directory '/home/uisee/YOLOv6/yolov6_TensorRT/my_onnx2trt/build/CMakeFiles/CMakeTmp'
Makefile:124: recipe for target 'cmTC_699c8/fast' failed
make: *** [cmTC_699c8/fast] Error 2



